c:\users\benjamin\cmput 350\borntowinbot\ualbertabot\src\starcraftbuildordersearch\visualstudio\release\test.obj
c:\users\benjamin\cmput 350\borntowinbot\ualbertabot\src\starcraftbuildordersearch\visualstudio\release\starcraftdata.obj
c:\users\benjamin\cmput 350\borntowinbot\ualbertabot\src\starcraftbuildordersearch\visualstudio\release\vc90.pdb
c:\users\owner\documents\github\borntowinbot\ualbertabot\src\starcraftbuildordersearch\visualstudio\release\test.obj
c:\users\owner\documents\github\borntowinbot\ualbertabot\src\starcraftbuildordersearch\visualstudio\release\starcraftdata.obj
c:\users\owner\documents\github\borntowinbot\ualbertabot\src\starcraftbuildordersearch\visualstudio\release\vc90.pdb
c:\users\benjamin\cmput 350\borntowinbot\ualbertabot\src\starcraftbuildordersearch\visualstudio\release\starcraftbuildordersearch.exe
c:\users\benjamin\cmput 350\borntowinbot\ualbertabot\src\starcraftbuildordersearch\visualstudio\release\starcraftbuildordersearch.map
c:\users\benjamin\cmput 350\borntowinbot\ualbertabot\src\starcraftbuildordersearch\visualstudio\release\starcraftbuildordersearch.exe.intermediate.manifest
c:\users\benjamin\cmput 350\borntowinbot\ualbertabot\src\starcraftbuildordersearch\visualstudio\release\starcraftbuildordersearch.pdb
c:\users\owner\documents\github\borntowinbot\ualbertabot\src\starcraftbuildordersearch\visualstudio\release\starcraftbuildordersearch.exe
c:\users\owner\documents\github\borntowinbot\ualbertabot\src\starcraftbuildordersearch\visualstudio\release\starcraftbuildordersearch.map
c:\users\owner\documents\github\borntowinbot\ualbertabot\src\starcraftbuildordersearch\visualstudio\release\starcraftbuildordersearch.exe.intermediate.manifest
c:\users\owner\documents\github\borntowinbot\ualbertabot\src\starcraftbuildordersearch\visualstudio\release\starcraftbuildordersearch.pdb
c:\users\owner\documents\github\borntowinbot\ualbertabot\src\starcraftbuildordersearch\visualstudio\release\cl.command.1.tlog
c:\users\owner\documents\github\borntowinbot\ualbertabot\src\starcraftbuildordersearch\visualstudio\release\cl.read.1.tlog
c:\users\owner\documents\github\borntowinbot\ualbertabot\src\starcraftbuildordersearch\visualstudio\release\cl.write.1.tlog
c:\users\owner\documents\github\borntowinbot\ualbertabot\src\starcraftbuildordersearch\visualstudio\release\link.command.1.tlog
c:\users\owner\documents\github\borntowinbot\ualbertabot\src\starcraftbuildordersearch\visualstudio\release\link.read.1.tlog
c:\users\owner\documents\github\borntowinbot\ualbertabot\src\starcraftbuildordersearch\visualstudio\release\link.write.1.tlog
c:\users\owner\documents\github\borntowinbot\ualbertabot\src\starcraftbuildordersearch\visualstudio\release\mt.command.1.tlog
c:\users\owner\documents\github\borntowinbot\ualbertabot\src\starcraftbuildordersearch\visualstudio\release\mt.read.1.tlog
c:\users\owner\documents\github\borntowinbot\ualbertabot\src\starcraftbuildordersearch\visualstudio\release\mt.write.1.tlog
