c:\users\owner\dropbox\portabilis\cmput 350\borntowinbot\ualbertabot\src\sparcraft\visualstudio\release\player_kiter.obj
c:\users\owner\dropbox\portabilis\cmput 350\borntowinbot\ualbertabot\src\sparcraft\visualstudio\release\player_cluster.obj
c:\users\owner\dropbox\portabilis\cmput 350\borntowinbot\ualbertabot\src\sparcraft\visualstudio\release\player_attackweakest.obj
c:\users\owner\dropbox\portabilis\cmput 350\borntowinbot\ualbertabot\src\sparcraft\visualstudio\release\player_attackdps.obj
c:\users\owner\dropbox\portabilis\cmput 350\borntowinbot\ualbertabot\src\sparcraft\visualstudio\release\player_attackclosest.obj
c:\users\owner\dropbox\portabilis\cmput 350\borntowinbot\ualbertabot\src\sparcraft\visualstudio\release\player_alphabeta.obj
c:\users\owner\dropbox\portabilis\cmput 350\borntowinbot\ualbertabot\src\sparcraft\visualstudio\release\playerproperties.obj
c:\users\owner\dropbox\portabilis\cmput 350\borntowinbot\ualbertabot\src\sparcraft\visualstudio\release\player.obj
c:\users\owner\dropbox\portabilis\cmput 350\borntowinbot\ualbertabot\src\sparcraft\visualstudio\release\movearray.obj
c:\users\owner\dropbox\portabilis\cmput 350\borntowinbot\ualbertabot\src\sparcraft\visualstudio\release\logger.obj
c:\users\owner\dropbox\portabilis\cmput 350\borntowinbot\ualbertabot\src\sparcraft\visualstudio\release\hash.obj
c:\users\owner\dropbox\portabilis\cmput 350\borntowinbot\ualbertabot\src\sparcraft\visualstudio\release\glfont.obj
c:\users\owner\dropbox\portabilis\cmput 350\borntowinbot\ualbertabot\src\sparcraft\visualstudio\release\gamestate.obj
c:\users\owner\dropbox\portabilis\cmput 350\borntowinbot\ualbertabot\src\sparcraft\visualstudio\release\game.obj
c:\users\owner\dropbox\portabilis\cmput 350\borntowinbot\ualbertabot\src\sparcraft\visualstudio\release\enumdata.obj
c:\users\owner\dropbox\portabilis\cmput 350\borntowinbot\ualbertabot\src\sparcraft\visualstudio\release\display.obj
c:\users\owner\dropbox\portabilis\cmput 350\borntowinbot\ualbertabot\src\sparcraft\visualstudio\release\common.obj
c:\users\owner\dropbox\portabilis\cmput 350\borntowinbot\ualbertabot\src\sparcraft\visualstudio\release\animationframedata.obj
c:\users\owner\dropbox\portabilis\cmput 350\borntowinbot\ualbertabot\src\sparcraft\visualstudio\release\alphabetasearch.obj
c:\users\owner\dropbox\portabilis\cmput 350\borntowinbot\ualbertabot\src\sparcraft\visualstudio\release\allplayers.obj
c:\users\owner\dropbox\portabilis\cmput 350\borntowinbot\ualbertabot\src\sparcraft\visualstudio\release\weaponproperties.obj
c:\users\owner\dropbox\portabilis\cmput 350\borntowinbot\ualbertabot\src\sparcraft\visualstudio\release\unitscriptdata.obj
c:\users\owner\dropbox\portabilis\cmput 350\borntowinbot\ualbertabot\src\sparcraft\visualstudio\release\unitproperties.obj
c:\users\owner\dropbox\portabilis\cmput 350\borntowinbot\ualbertabot\src\sparcraft\visualstudio\release\unit.obj
c:\users\owner\dropbox\portabilis\cmput 350\borntowinbot\ualbertabot\src\sparcraft\visualstudio\release\uctsearch.obj
c:\users\owner\dropbox\portabilis\cmput 350\borntowinbot\ualbertabot\src\sparcraft\visualstudio\release\transpositiontable.obj
c:\users\owner\dropbox\portabilis\cmput 350\borntowinbot\ualbertabot\src\sparcraft\visualstudio\release\timer.obj
c:\users\owner\dropbox\portabilis\cmput 350\borntowinbot\ualbertabot\src\sparcraft\visualstudio\release\sparcraft.obj
c:\users\owner\dropbox\portabilis\cmput 350\borntowinbot\ualbertabot\src\sparcraft\visualstudio\release\portfoliogreedysearch.obj
c:\users\owner\dropbox\portabilis\cmput 350\borntowinbot\ualbertabot\src\sparcraft\visualstudio\release\player_uct.obj
c:\users\owner\dropbox\portabilis\cmput 350\borntowinbot\ualbertabot\src\sparcraft\visualstudio\release\player_random.obj
c:\users\owner\dropbox\portabilis\cmput 350\borntowinbot\ualbertabot\src\sparcraft\visualstudio\release\player_portfoliogreedysearch.obj
c:\users\owner\dropbox\portabilis\cmput 350\borntowinbot\ualbertabot\src\sparcraft\visualstudio\release\player_nokdps.obj
c:\users\owner\dropbox\portabilis\cmput 350\borntowinbot\ualbertabot\src\sparcraft\visualstudio\release\player_kiter_nokdps.obj
c:\users\owner\dropbox\portabilis\cmput 350\borntowinbot\ualbertabot\src\sparcraft\visualstudio\release\player_kiterdps.obj
c:\users\owner\dropbox\portabilis\cmput 350\borntowinbot\ualbertabot\src\sparcraft\visualstudio\release\vc90.pdb
c:\users\owner\dropbox\portabilis\cmput 350\borntowinbot\ualbertabot\src\ualbertabot\visualstudio\release\sparcraft.lib
c:\users\owner\dropbox\portabilis\cmput 350\borntowinbot\ualbertabot\src\sparcraft\visualstudio\release\cl.command.1.tlog
c:\users\owner\dropbox\portabilis\cmput 350\borntowinbot\ualbertabot\src\sparcraft\visualstudio\release\cl.read.1.tlog
c:\users\owner\dropbox\portabilis\cmput 350\borntowinbot\ualbertabot\src\sparcraft\visualstudio\release\cl.write.1.tlog
c:\users\owner\dropbox\portabilis\cmput 350\borntowinbot\ualbertabot\src\sparcraft\visualstudio\release\lib-link.read.1.tlog
c:\users\owner\dropbox\portabilis\cmput 350\borntowinbot\ualbertabot\src\sparcraft\visualstudio\release\lib-link.write.1.tlog
c:\users\owner\dropbox\portabilis\cmput 350\borntowinbot\ualbertabot\src\sparcraft\visualstudio\release\lib.command.1.tlog
