Build started 30/11/2014 1:26:06 PM.
     1>Project "C:\Users\Benjamin\CMPUT 350\BornToWinBot\UAlbertaBot\src\UAlbertaBot\VisualStudio\UAlbertaBot.vcxproj" on node 2 (Build target(s)).
     1>ClCompile:
         c:\Program Files (x86)\Microsoft Visual Studio 9.0\VC\bin\CL.exe /c /I../SparCraft/source /I../Source /I"C:\Users\Benjamin\CMPUT 350\BWAPI 3.7.4/include" /I"C:\Users\Benjamin\CMPUT 350\boost_1_57_0" /I/include/freetype2 /I/include /I/include /I/include /ZI /nologo /W3 /WX- /Od /Oy- /D WIN32 /D _DEBUG /D _WINDOWS /D _USRDLL /D EXAMPLEAIMODULE_EXPORTS /D NOMINMAX /D _WINDLL /D _UNICODE /D UNICODE /Gm /EHsc /RTC1 /MDd /GS /fp:precise /Zc:wchar_t /Zc:forScope /Fo"Debug\\" /Fd"Debug\vc90.pdb" /Gd /TP /analyze- /errorReport:prompt ..\Source\UAlbertaBotModule.cpp
         UAlbertaBotModule.cpp
     1>c:\users\benjamin\cmput 350\borntowinbot\ualbertabot\src\ualbertabot\source\ualbertabotmodule.cpp(175): warning C4018: '<' : signed/unsigned mismatch
     1>c:\users\benjamin\cmput 350\borntowinbot\ualbertabot\src\ualbertabot\source\ualbertabotmodule.cpp(186): warning C4018: '<' : signed/unsigned mismatch
       Link:
         c:\Program Files (x86)\Microsoft Visual Studio 9.0\VC\bin\link.exe /ERRORREPORT:PROMPT /OUT:"C:\Users\Benjamin\CMPUT 350\BornToWinBot\UAlbertaBot\src\UAlbertaBot\VisualStudio\Debug\UAlbertaBot.dll" /INCREMENTAL /NOLOGO "C:\Users\Benjamin\CMPUT 350\BWAPI 3.7.4/lib/BWAPId.lib" "C:\Users\Benjamin\CMPUT 350\BWAPI 3.7.4/lib/BWTAd.lib" "C:\Users\Benjamin\CMPUT 350\BWAPI 3.7.4/lib/tinyxmld.lib" "C:\Users\Benjamin\CMPUT 350\BWAPI 3.7.4/lib/CGAL-vc90-mt-gd.lib" "C:\Users\Benjamin\CMPUT 350\BWAPI 3.7.4/lib/libboost_thread-vc90-mt-gd-1_40.lib" "C:\Users\Benjamin\CMPUT 350\BWAPI 3.7.4/lib/gmp-vc90-mt-gd.lib" "C:\Users\Benjamin\CMPUT 350\BWAPI 3.7.4/lib/mpfr-vc90-mt-gd.lib" ../../StarcraftBuildOrderSearch/VisualStudio/Debug/StarCraftData.obj Debug/SparCraft.lib /SDL.lib /SDLmain.lib /opengl32.lib /SDL_image.lib /SDL_gfx.lib kernel32.lib user32.lib gdi32.lib winspool.lib comdlg32.lib advapi32.lib shell32.lib ole32.lib oleaut32.lib uuid.lib odbc32.lib odbccp32.lib /MANIFEST /ManifestFile:"Debug\UAlbertaBot.dll.intermediate.manifest" /MANIFESTUAC:"level='asInvoker' uiAccess='false'" /DEBUG /PDB:"C:\Users\Benjamin\CMPUT 350\BornToWinBot\UAlbertaBot\src\UAlbertaBot\VisualStudio\Debug\UAlbertaBot.pdb" /SUBSYSTEM:WINDOWS /TLBID:1 /DYNAMICBASE /NXCOMPAT /IMPLIB:"C:\Users\Benjamin\CMPUT 350\BornToWinBot\UAlbertaBot\src\UAlbertaBot\VisualStudio\Debug\UAlbertaBot.lib" /MACHINE:X86 /DLL Debug\UAlbertaBot.dll.embed.manifest.res
         Debug\BuildLearner.obj
         Debug\CombatSimulation.obj
         Debug\MicroSearchManager.obj
         Debug\BuildingData.obj
         Debug\BuildingManager.obj
         Debug\BuildingPlacer.obj
         Debug\BuildOrderGoalManager.obj
         Debug\BuildOrderQueue.obj
         Debug\ProductionManager.obj
         Debug\StarcraftBuildOrderSearchManager.obj
         Debug\WorkerData.obj
         Debug\WorkerManager.obj
         Debug\CombatCommander.obj
         Debug\Common.obj
         Debug\Dll.obj
         Debug\GameCommander.obj
         Debug\HardCodedInfo.obj
         Debug\InformationManager.obj
         Debug\Logger.obj
         Debug\MapGrid.obj
         Debug\MapTools.obj
         Debug\DetectorManager.obj
         Debug\MeleeManager.obj
         Debug\MicroManager.obj
         Debug\MicroUtil.obj
         Debug\ObserverManager.obj
         Debug\RangedManager.obj
         Debug\TransportManager.obj
         Debug\Options.obj
         Debug\ReplayVisualizer.obj
         Debug\ScoutManager.obj
         Debug\Squad.obj
         Debug\SquadData.obj
         Debug\StrategyManager.obj
         Debug\UAlbertaBotModule.obj
         Debug\UnitCommandData.obj
         Debug\UnitCommandManager.obj
         Debug\UnitData.obj
         Debug\Visualizer.obj
     1>LINK : warning LNK4044: unrecognized option '/SDL.lib'; ignored
     1>LINK : warning LNK4044: unrecognized option '/SDLmain.lib'; ignored
     1>LINK : warning LNK4044: unrecognized option '/opengl32.lib'; ignored
     1>LINK : warning LNK4044: unrecognized option '/SDL_image.lib'; ignored
     1>LINK : warning LNK4044: unrecognized option '/SDL_gfx.lib'; ignored
       Manifest:
         C:\Program Files\Microsoft SDKs\Windows\v6.0A\bin\mt.exe /nologo /verbose /out:"Debug\UAlbertaBot.dll.embed.manifest" /manifest Debug\UAlbertaBot.dll.intermediate.manifest
       LinkEmbedManifest:
         UAlbertaBot.vcxproj -> C:\Users\Benjamin\CMPUT 350\BornToWinBot\UAlbertaBot\src\UAlbertaBot\VisualStudio\Debug\UAlbertaBot.dll
     1>Done Building Project "C:\Users\Benjamin\CMPUT 350\BornToWinBot\UAlbertaBot\src\UAlbertaBot\VisualStudio\UAlbertaBot.vcxproj" (Build target(s)).

Build succeeded.

Time Elapsed 00:00:08.51
