c:\users\owner\documents\github\borntowinbot\ualbertabot\src\ualbertabot\visualstudio\release\vc90.pdb
c:\users\owner\documents\github\borntowinbot\ualbertabot\src\ualbertabot\visualstudio\release\logger.obj
c:\users\owner\documents\github\borntowinbot\ualbertabot\src\ualbertabot\visualstudio\release\informationmanager.obj
c:\users\owner\documents\github\borntowinbot\ualbertabot\src\ualbertabot\visualstudio\release\hardcodedinfo.obj
c:\users\owner\documents\github\borntowinbot\ualbertabot\src\ualbertabot\visualstudio\release\gamecommander.obj
c:\users\owner\documents\github\borntowinbot\ualbertabot\src\ualbertabot\visualstudio\release\dll.obj
c:\users\owner\documents\github\borntowinbot\ualbertabot\src\ualbertabot\visualstudio\release\common.obj
c:\users\owner\documents\github\borntowinbot\ualbertabot\src\ualbertabot\visualstudio\release\combatcommander.obj
c:\users\owner\documents\github\borntowinbot\ualbertabot\src\ualbertabot\visualstudio\release\workermanager.obj
c:\users\owner\documents\github\borntowinbot\ualbertabot\src\ualbertabot\visualstudio\release\workerdata.obj
c:\users\owner\documents\github\borntowinbot\ualbertabot\src\ualbertabot\visualstudio\release\starcraftbuildordersearchmanager.obj
c:\users\owner\documents\github\borntowinbot\ualbertabot\src\ualbertabot\visualstudio\release\productionmanager.obj
c:\users\owner\documents\github\borntowinbot\ualbertabot\src\ualbertabot\visualstudio\release\buildorderqueue.obj
c:\users\owner\documents\github\borntowinbot\ualbertabot\src\ualbertabot\visualstudio\release\buildordergoalmanager.obj
c:\users\owner\documents\github\borntowinbot\ualbertabot\src\ualbertabot\visualstudio\release\buildingplacer.obj
c:\users\owner\documents\github\borntowinbot\ualbertabot\src\ualbertabot\visualstudio\release\buildingmanager.obj
c:\users\owner\documents\github\borntowinbot\ualbertabot\src\ualbertabot\visualstudio\release\buildingdata.obj
c:\users\owner\documents\github\borntowinbot\ualbertabot\src\ualbertabot\visualstudio\release\microsearchmanager.obj
c:\users\owner\documents\github\borntowinbot\ualbertabot\src\ualbertabot\visualstudio\release\baitmanager.obj
c:\users\owner\documents\github\borntowinbot\ualbertabot\src\ualbertabot\visualstudio\release\combatsimulation.obj
c:\users\owner\documents\github\borntowinbot\ualbertabot\src\ualbertabot\visualstudio\release\buildlearner.obj
c:\users\owner\documents\github\borntowinbot\ualbertabot\src\ualbertabot\visualstudio\release\visualizer.obj
c:\users\owner\documents\github\borntowinbot\ualbertabot\src\ualbertabot\visualstudio\release\unitdata.obj
c:\users\owner\documents\github\borntowinbot\ualbertabot\src\ualbertabot\visualstudio\release\unitcommandmanager.obj
c:\users\owner\documents\github\borntowinbot\ualbertabot\src\ualbertabot\visualstudio\release\unitcommanddata.obj
c:\users\owner\documents\github\borntowinbot\ualbertabot\src\ualbertabot\visualstudio\release\ualbertabotmodule.obj
c:\users\owner\documents\github\borntowinbot\ualbertabot\src\ualbertabot\visualstudio\release\strategymanager.obj
c:\users\owner\documents\github\borntowinbot\ualbertabot\src\ualbertabot\visualstudio\release\squaddata.obj
c:\users\owner\documents\github\borntowinbot\ualbertabot\src\ualbertabot\visualstudio\release\squad.obj
c:\users\owner\documents\github\borntowinbot\ualbertabot\src\ualbertabot\visualstudio\release\scoutmanager.obj
c:\users\owner\documents\github\borntowinbot\ualbertabot\src\ualbertabot\visualstudio\release\replayvisualizer.obj
c:\users\owner\documents\github\borntowinbot\ualbertabot\src\ualbertabot\visualstudio\release\options.obj
c:\users\owner\documents\github\borntowinbot\ualbertabot\src\ualbertabot\visualstudio\release\transportmanager.obj
c:\users\owner\documents\github\borntowinbot\ualbertabot\src\ualbertabot\visualstudio\release\rangedmanager.obj
c:\users\owner\documents\github\borntowinbot\ualbertabot\src\ualbertabot\visualstudio\release\observermanager.obj
c:\users\owner\documents\github\borntowinbot\ualbertabot\src\ualbertabot\visualstudio\release\microutil.obj
c:\users\owner\documents\github\borntowinbot\ualbertabot\src\ualbertabot\visualstudio\release\micromanager.obj
c:\users\owner\documents\github\borntowinbot\ualbertabot\src\ualbertabot\visualstudio\release\meleemanager.obj
c:\users\owner\documents\github\borntowinbot\ualbertabot\src\ualbertabot\visualstudio\release\detectormanager.obj
c:\users\owner\documents\github\borntowinbot\ualbertabot\src\ualbertabot\visualstudio\release\maptools.obj
c:\users\owner\documents\github\borntowinbot\ualbertabot\src\ualbertabot\visualstudio\release\mapgrid.obj
c:\games\starcraft\starcraft\bwapi-data\ai\b2wb\ualbertabot.dll
c:\games\starcraft\starcraft\bwapi-data\ai\b2wb\ualbertabot.map
c:\users\owner\documents\github\borntowinbot\ualbertabot\src\ualbertabot\visualstudio\release\ualbertabot.dll.intermediate.manifest
c:\games\starcraft\starcraft\bwapi-data\ai\b2wb\ualbertabot.pdb
䍞尺獕牥屳敂橮浡湩䍜偍呕㌠〵䉜牯呮坯湩潂屴䅕扬牥慴潂屴牳屣䅕扬牥慴潂屴楖畳污瑓摵潩啜汁敢瑲䉡瑯瘮硣牰橯਍㩃啜敳獲䉜湥慪業屮䵃啐⁔㔳尰潂湲潔楗䉮瑯啜汁敢瑲䉡瑯獜捲啜汁敢瑲䉡瑯噜獩慵卬畴楤屯敒敬獡履䅕扬牥慴潂⹴楬ൢ䌊尺獕牥屳敂橮浡湩䍜偍呕㌠〵䉜牯呮坯湩潂屴䅕扬牥慴潂屴牳屣䅕扬牥慴潂屴楖畳污瑓摵潩剜汥慥敳啜汁敢瑲䉡瑯攮灸਍䍞尺獕牥屳睏敮屲潄畣敭瑮屳楇䡴扵䉜牯呮坯湩潂屴䅕扬牥慴潂屴牳屣䅕扬牥慴潂屴楖畳污瑓摵潩啜汁敢瑲䉡瑯瘮硣牰橯਍㩃啜敳獲作湷牥䑜捯浵湥獴䝜瑩畈屢潂湲潔楗䉮瑯啜汁敢瑲䉡瑯獜捲啜汁敢瑲䉡瑯噜獩慵卬畴楤屯敒敬獡履䅕扬牥慴潂⹴楬ൢ䌊尺獕牥屳睏敮屲潄畣敭瑮屳楇䡴扵䉜牯呮坯湩潂屴䅕扬牥慴潂屴牳屣䅕扬牥慴潂屴楖畳污瑓摵潩剜汥慥敳啜汁敢瑲䉡瑯攮灸਍䍞尺獕牥屳睏敮屲潄畣敭瑮屳楇䡴扵䉜牯呮坯湩潂屴䅕扬牥慴潂屴牳屣䅕扬牥慴潂屴楖畳污瑓摵潩啜汁敢瑲䉡瑯瘮硣牰橯਍㩃啜敳獲作湷牥䑜捯浵湥獴䝜瑩畈屢潂湲潔楗䉮瑯啜汁敢瑲䉡瑯獜捲啜汁敢瑲䉡瑯噜獩慵卬畴楤屯敒敬獡履䅕扬牥慴潂⹴楬ൢ䌊尺獕牥屳睏敮屲潄畣敭瑮屳楇䡴扵䉜牯呮坯湩潂屴䅕扬牥慴潂屴牳屣䅕扬牥慴潂屴楖畳污瑓摵潩剜汥慥敳啜汁敢瑲䉡瑯攮灸਍䍞尺獕牥屳睏敮屲潄畣敭瑮屳楇䡴扵䉜牯呮坯湩潂屴䅕扬牥慴潂屴牳屣䅕扬牥慴潂屴楖畳污瑓摵潩啜汁敢瑲䉡瑯瘮硣牰橯਍㩃䝜浡獥卜慴䍲慲瑦卜慴䍲慲瑦扜慷楰搭瑡屡䥁䉜圲层䅕扬牥慴潂⹴楬ൢ䌊尺慇敭屳瑓牡牃晡屴瑓牡牃晡屴睢灡⵩慤慴䅜屉㉂䉗啜汁敢瑲䉡瑯攮灸਍䍞尺獕牥屳睏敮屲潄畣敭瑮屳楇䡴扵䉜牯呮坯湩潂屴䅕扬牥慴潂屴牳屣䅕扬牥慴潂屴楖畳污瑓摵潩啜汁敢瑲䉡瑯瘮硣牰橯਍㩃䝜浡獥卜慴䍲慲瑦卜慴䍲慲瑦扜慷楰搭瑡屡䥁䉜圲层䅕扬牥慴潂⹴楬ൢ䌊尺慇敭屳瑓牡牃晡屴瑓牡牃晡屴睢灡⵩慤慴䅜屉㉂䉗啜汁敢瑲䉡瑯攮灸਍䍞尺獕牥屳睏敮屲潄畣敭瑮屳楇䡴扵䉜牯呮坯湩潂屴䅕扬牥慴潂屴牳屣䅕扬牥慴潂屴楖畳污瑓摵潩啜汁敢瑲䉡瑯瘮硣牰橯਍㩃䝜浡獥卜慴䍲慲瑦卜慴䍲慲瑦扜慷楰搭瑡屡䥁䉜圲层䅕扬牥慴潂⹴楬ൢ䌊尺慇敭屳瑓牡牃晡屴瑓牡牃晡屴睢灡⵩慤慴䅜屉㉂䉗啜汁敢瑲䉡瑯攮灸਍䍞尺獕牥屳睏敮屲潄畣敭瑮屳楇䡴扵䉜牯呮坯湩潂屴䅕扬牥慴潂屴牳屣䅕扬牥慴潂屴楖畳污瑓摵潩啜汁敢瑲䉡瑯瘮硣牰橯਍㩃䝜浡獥卜慴䍲慲瑦卜慴䍲慲瑦扜慷楰搭瑡屡䥁䉜圲层䅕扬牥慴潂⹴楬ൢ䌊尺慇敭屳瑓牡牃晡屴瑓牡牃晡屴睢灡⵩慤慴䅜屉㉂䉗啜汁敢瑲䉡瑯攮灸਍䍞尺獕牥屳睏敮屲潄畣敭瑮屳楇䡴扵䉜牯呮坯湩潂屴䅕扬牥慴潂屴牳屣䅕扬牥慴潂屴楖畳污瑓摵潩啜汁敢瑲䉡瑯瘮硣牰橯਍㩃䝜浡獥卜慴䍲慲瑦卜慴䍲慲瑦扜慷楰搭瑡屡䥁䉜圲层䅕扬牥慴潂⹴楬ൢ䌊尺慇敭屳瑓牡牃晡屴瑓牡牃晡屴睢灡⵩慤慴䅜屉㉂䉗啜汁敢瑲䉡瑯攮灸਍䍞尺獕牥屳睏敮屲潄畣敭瑮屳楇䡴扵䉜牯呮坯湩潂屴䅕扬牥慴潂屴牳屣䅕扬牥慴潂屴楖畳污瑓摵潩啜汁敢瑲䉡瑯瘮硣牰橯਍㩃䝜浡獥卜慴䍲慲瑦卜慴䍲慲瑦扜慷楰搭瑡屡䥁䉜圲层䅕扬牥慴潂⹴楬ൢ䌊尺慇敭屳瑓牡牃晡屴瑓牡牃晡屴睢灡⵩慤慴䅜屉㉂䉗啜汁敢瑲䉡瑯攮灸਍䍞尺獕牥屳睏敮屲潄畣敭瑮屳楇䡴扵䉜牯呮坯湩潂屴䅕扬牥慴潂屴牳屣䅕扬牥慴潂屴楖畳污瑓摵潩啜汁敢瑲䉡瑯瘮硣牰橯਍㩃䝜浡獥卜慴䍲慲瑦卜慴䍲慲瑦扜慷楰搭瑡屡䥁䉜圲层䅕扬牥慴潂⹴楬ൢ䌊尺慇敭屳瑓牡牃晡屴瑓牡牃晡屴睢灡⵩慤慴䅜屉㉂䉗啜汁敢瑲䉡瑯攮灸਍䍞尺獕牥屳睏敮屲潄畣敭瑮屳楇䡴扵䉜牯呮坯湩潂屴䅕扬牥慴潂屴牳屣䅕扬牥慴潂屴楖畳污瑓摵潩啜汁敢瑲䉡瑯瘮硣牰橯਍㩃䝜浡獥卜慴䍲慲瑦卜慴䍲慲瑦扜慷楰搭瑡屡䥁䉜圲层䅕扬牥慴潂⹴楬ൢ䌊尺慇敭屳瑓牡牃晡屴瑓牡牃晡屴睢灡⵩慤慴䅜屉㉂䉗啜汁敢瑲䉡瑯攮灸਍䍞尺獕牥屳睏敮屲潄畣敭瑮屳楇䡴扵䉜牯呮坯湩潂屴䅕扬牥慴潂屴牳屣䅕扬牥慴潂屴楖畳污瑓摵潩啜汁敢瑲䉡瑯瘮硣牰橯਍㩃䝜浡獥卜慴䍲慲瑦卜慴䍲慲瑦扜慷楰搭瑡屡䥁䉜圲层䅕扬牥慴潂⹴楬ൢ䌊尺慇敭屳瑓牡牃晡屴瑓牡牃晡屴睢灡⵩慤慴䅜屉㉂䉗啜汁敢瑲䉡瑯攮灸਍䍞尺獕牥屳睏敮屲潄畣敭瑮屳楇䡴扵䉜牯呮坯湩潂屴䅕扬牥慴潂屴牳屣䅕扬牥慴潂屴楖畳污瑓摵潩啜汁敢瑲䉡瑯瘮硣牰橯਍㩃䝜浡獥卜慴䍲慲瑦卜慴䍲慲瑦扜慷楰搭瑡屡䥁䉜圲层䅕扬牥慴潂⹴楬ൢ䌊尺慇敭屳瑓牡牃晡屴瑓牡牃晡屴睢灡⵩慤慴䅜屉㉂䉗啜汁敢瑲䉡瑯攮灸਍䍞尺獕牥屳睏敮屲潄畣敭瑮屳楇䡴扵䉜牯呮坯湩潂屴䅕扬牥慴潂屴牳屣䅕扬牥慴潂屴楖畳污瑓摵潩啜汁敢瑲䉡瑯瘮硣牰橯਍㩃䝜浡獥卜慴䍲慲瑦卜慴䍲慲瑦扜慷楰搭瑡屡䥁䉜圲层䅕扬牥慴潂⹴楬ൢ䌊尺慇敭屳瑓牡牃晡屴瑓牡牃晡屴睢灡⵩慤慴䅜屉㉂䉗啜汁敢瑲䉡瑯攮灸਍䍞尺獕牥屳睏敮屲潄畣敭瑮屳楇䡴扵䉜牯呮坯湩潂屴䅕扬牥慴潂屴牳屣䅕扬牥慴潂屴楖畳污瑓摵潩啜汁敢瑲䉡瑯瘮硣牰橯਍㩃䝜浡獥卜慴䍲慲瑦卜慴䍲慲瑦扜慷楰搭瑡屡䥁䉜圲层䅕扬牥慴潂⹴楬ൢ䌊尺慇敭屳瑓牡牃晡屴瑓牡牃晡屴睢灡⵩慤慴䅜屉㉂䉗啜汁敢瑲䉡瑯攮灸਍䍞尺獕牥屳睏敮屲潄畣敭瑮屳楇䡴扵䉜牯呮坯湩潂屴䅕扬牥慴潂屴牳屣䅕扬牥慴潂屴楖畳污瑓摵潩啜汁敢瑲䉡瑯瘮硣牰橯਍㩃䝜浡獥卜慴䍲慲瑦卜慴䍲慲瑦扜慷楰搭瑡屡䥁䉜圲层䅕扬牥慴潂⹴楬ൢ䌊尺慇敭屳瑓牡牃晡屴瑓牡牃晡屴睢灡⵩慤慴䅜屉㉂䉗啜汁敢瑲䉡瑯攮灸਍䍞尺獕牥屳睏敮屲潄畣敭瑮屳楇䡴扵䉜牯呮坯湩潂屴䅕扬牥慴潂屴牳屣䅕扬牥慴潂屴楖畳污瑓摵潩啜汁敢瑲䉡瑯瘮硣牰橯਍㩃䝜浡獥卜慴䍲慲瑦卜慴䍲慲瑦扜慷楰搭瑡屡䥁䉜圲层䅕扬牥慴潂⹴楬ൢ䌊尺慇敭屳瑓牡牃晡屴瑓牡牃晡屴睢灡⵩慤慴䅜屉㉂䉗啜汁敢瑲䉡瑯攮灸਍䍞尺獕牥屳睏敮屲潄畣敭瑮屳楇䡴扵䉜牯呮坯湩潂屴䅕扬牥慴潂屴牳屣䅕扬牥慴潂屴楖畳污瑓摵潩啜汁敢瑲䉡瑯瘮硣牰橯਍㩃䝜浡獥卜慴䍲慲瑦卜慴䍲慲瑦扜慷楰搭瑡屡䥁䉜圲层䅕扬牥慴潂⹴楬ൢ䌊尺慇敭屳瑓牡牃晡屴瑓牡牃晡屴睢灡⵩慤慴䅜屉㉂䉗啜汁敢瑲䉡瑯攮灸਍䍞尺獕牥屳睏敮屲潄畣敭瑮屳楇䡴扵䉜牯呮坯湩潂屴䅕扬牥慴潂屴牳屣䅕扬牥慴潂屴楖畳污瑓摵潩啜汁敢瑲䉡瑯瘮硣牰橯਍㩃䝜浡獥卜慴䍲慲瑦卜慴䍲慲瑦扜慷楰搭瑡屡䥁䉜圲层䅕扬牥慴潂⹴楬ൢ䌊尺慇敭屳瑓牡牃晡屴瑓牡牃晡屴睢灡⵩慤慴䅜屉㉂䉗啜汁敢瑲䉡瑯攮灸਍䍞尺獕牥屳睏敮屲潄畣敭瑮屳楇䡴扵䉜牯呮坯湩潂屴䅕扬牥慴潂屴牳屣䅕扬牥慴潂屴楖畳污瑓摵潩啜汁敢瑲䉡瑯瘮硣牰橯਍㩃䝜浡獥卜慴䍲慲瑦卜慴䍲慲瑦扜慷楰搭瑡屡䥁䉜圲层䅕扬牥慴潂⹴楬ൢ䌊尺慇敭屳瑓牡牃晡屴瑓牡牃晡屴睢灡⵩慤慴䅜屉㉂䉗啜汁敢瑲䉡瑯攮灸਍䍞尺獕牥屳睏敮屲潄畣敭瑮屳楇䡴扵䉜牯呮坯湩潂屴䅕扬牥慴潂屴牳屣䅕扬牥慴潂屴楖畳污瑓摵潩啜汁敢瑲䉡瑯瘮硣牰橯਍㩃䝜浡獥卜慴䍲慲瑦卜慴䍲慲瑦扜慷楰搭瑡屡䥁䉜圲层䅕扬牥慴潂⹴楬ൢ䌊尺慇敭屳瑓牡牃晡屴瑓牡牃晡屴睢灡⵩慤慴䅜屉㉂䉗啜汁敢瑲䉡瑯攮灸਍䍞尺獕牥屳睏敮屲潄畣敭瑮屳楇䡴扵䉜牯呮坯湩潂屴䅕扬牥慴潂屴牳屣䅕扬牥慴潂屴楖畳污瑓摵潩啜汁敢瑲䉡瑯瘮硣牰橯਍㩃䝜浡獥卜慴䍲慲瑦卜慴䍲慲瑦扜慷楰搭瑡屡䥁䉜圲层䅕扬牥慴潂⹴楬ൢ䌊尺慇敭屳瑓牡牃晡屴瑓牡牃晡屴睢灡⵩慤慴䅜屉㉂䉗啜汁敢瑲䉡瑯攮灸਍䍞尺獕牥屳睏敮屲潄畣敭瑮屳楇䡴扵䉜牯呮坯湩潂屴䅕扬牥慴潂屴牳屣䅕扬牥慴潂屴楖畳污瑓摵潩啜汁敢瑲䉡瑯瘮硣牰橯਍㩃䝜浡獥卜慴䍲慲瑦卜慴䍲慲瑦扜慷楰搭瑡屡䥁䉜圲层䅕扬牥慴潂⹴楬ൢ䌊尺慇敭屳瑓牡牃晡屴瑓牡牃晡屴睢灡⵩慤慴䅜屉㉂䉗啜汁敢瑲䉡瑯攮灸਍䍞尺獕牥屳睏敮屲潄畣敭瑮屳楇䡴扵䉜牯呮坯湩潂屴䅕扬牥慴潂屴牳屣䅕扬牥慴潂屴楖畳污瑓摵潩啜汁敢瑲䉡瑯瘮硣牰橯਍㩃䝜浡獥卜慴䍲慲瑦卜慴䍲慲瑦扜慷楰搭瑡屡䥁䉜圲层䅕扬牥慴潂⹴楬ൢ䌊尺慇敭屳瑓牡牃晡屴瑓牡牃晡屴睢灡⵩慤慴䅜屉㉂䉗啜汁敢瑲䉡瑯攮灸਍䍞尺獕牥屳睏敮屲潄畣敭瑮屳楇䡴扵䉜牯呮坯湩潂屴䅕扬牥慴潂屴牳屣䅕扬牥慴潂屴楖畳污瑓摵潩啜汁敢瑲䉡瑯瘮硣牰橯਍㩃䝜浡獥卜慴䍲慲瑦卜慴䍲慲瑦扜慷楰搭瑡屡䥁䉜圲层䅕扬牥慴潂⹴楬ൢ䌊尺慇敭屳瑓牡牃晡屴瑓牡牃晡屴睢灡⵩慤慴䅜屉㉂䉗啜汁敢瑲䉡瑯攮灸਍䍞尺獕牥屳睏敮屲潄畣敭瑮屳楇䡴扵䉜牯呮坯湩潂屴䅕扬牥慴潂屴牳屣䅕扬牥慴潂屴楖畳污瑓摵潩啜汁敢瑲䉡瑯瘮硣牰橯਍㩃䝜浡獥卜慴䍲慲瑦卜慴䍲慲瑦扜慷楰搭瑡屡䥁䉜圲层䅕扬牥慴潂⹴楬ൢ䌊尺慇敭屳瑓牡牃晡屴瑓牡牃晡屴睢灡⵩慤慴䅜屉㉂䉗啜汁敢瑲䉡瑯攮灸਍䍞尺獕牥屳睏敮屲潄畣敭瑮屳楇䡴扵䉜牯呮坯湩潂屴䅕扬牥慴潂屴牳屣䅕扬牥慴潂屴楖畳污瑓摵潩啜汁敢瑲䉡瑯瘮硣牰橯਍㩃䝜浡獥卜慴䍲慲瑦卜慴䍲慲瑦扜慷楰搭瑡屡䥁䉜圲层䅕扬牥慴潂⹴楬ൢ䌊尺慇敭屳瑓牡牃晡屴瑓牡牃晡屴睢灡⵩慤慴䅜屉㉂䉗啜汁敢瑲䉡瑯攮灸਍䍞尺獕牥屳睏敮屲潄畣敭瑮屳楇䡴扵䉜牯呮坯湩潂屴䅕扬牥慴潂屴牳屣䅕扬牥慴潂屴楖畳污瑓摵潩啜汁敢瑲䉡瑯瘮硣牰橯਍㩃䝜浡獥卜慴䍲慲瑦卜慴䍲慲瑦扜慷楰搭瑡屡䥁䉜圲层䅕扬牥慴潂⹴楬ൢ䌊尺慇敭屳瑓牡牃晡屴瑓牡牃晡屴睢灡⵩慤慴䅜屉㉂䉗啜汁敢瑲䉡瑯攮灸਍
c:\users\owner\documents\github\borntowinbot\ualbertabot\src\ualbertabot\visualstudio\release\cl.command.1.tlog
c:\users\owner\documents\github\borntowinbot\ualbertabot\src\ualbertabot\visualstudio\release\cl.read.1.tlog
c:\users\owner\documents\github\borntowinbot\ualbertabot\src\ualbertabot\visualstudio\release\cl.write.1.tlog
c:\users\owner\documents\github\borntowinbot\ualbertabot\src\ualbertabot\visualstudio\release\link.command.1.tlog
c:\users\owner\documents\github\borntowinbot\ualbertabot\src\ualbertabot\visualstudio\release\link.read.1.tlog
c:\users\owner\documents\github\borntowinbot\ualbertabot\src\ualbertabot\visualstudio\release\link.write.1.tlog
c:\users\owner\documents\github\borntowinbot\ualbertabot\src\ualbertabot\visualstudio\release\mt.command.1.tlog
c:\users\owner\documents\github\borntowinbot\ualbertabot\src\ualbertabot\visualstudio\release\mt.read.1.tlog
c:\users\owner\documents\github\borntowinbot\ualbertabot\src\ualbertabot\visualstudio\release\mt.write.1.tlog
c:\users\owner\documents\github\borntowinbot\ualbertabot\src\ualbertabot\visualstudio\release\nativecodeanalysis.read.1.tlog
c:\users\owner\documents\github\borntowinbot\ualbertabot\src\ualbertabot\visualstudio\release\ualbertabot.write.1.tlog
c:\users\owner\documents\github\borntowinbot\ualbertabot\src\ualbertabot\visualstudio\release\ualbertabot.exp
c:\users\owner\documents\github\borntowinbot\ualbertabot\src\ualbertabot\visualstudio\release\ualbertabot.pdb
c:\users\owner\documents\github\borntowinbot\ualbertabot\src\ualbertabot\visualstudio\release\vc.nativecodeanalysis.all.xml
c:\users\owner\documents\github\borntowinbot\ualbertabot\src\ualbertabot\visualstudio\..\..\..\..\..\..\..\..\..\games\starcraft\starcraft\bwapi-data\ai\b2wb\ualbertabot.dll
